<?xml version="1.0" encoding="UTF-8"?>
<!-- Generated by org.testng.reporters.JUnitReportReporter -->
<testsuite skipped="0" hostname="MeghShiv" name="com.orangehrm.testsuite.ForgotPasswordPageTest" tests="1" failures="0" timestamp="2022-12-12T22:55:04 GMT" time="6.140" errors="0">
  <testcase name="userShouldNavigateToForgotPasswordPageSuccessfully" time="6.140" classname="com.orangehrm.testsuite.ForgotPasswordPageTest"/>
  <system-out>
    <![CDATA[Verify Reset Password Text[[ChromeDriver: chrome on WINDOWS (7b525431733d1cad720c862d9313a0b0)] -> xpath: //h6[@class='oxd-text oxd-text--h6 orangehrm-forgot-password-title']]]]>
  </system-out>
</testsuite> <!-- com.orangehrm.testsuite.ForgotPasswordPageTest -->
