<?xml version="1.0" encoding="UTF-8"?>
<!-- Generated by org.testng.reporters.JUnitReportReporter -->
<testsuite skipped="0" hostname="MeghShiv" name="com.orangehrm.testsuite.LoginPageTest" tests="1" failures="0" timestamp="2022-12-12T22:55:04 GMT" time="5.286" errors="0">
  <testcase name="userShouldLoginSuccessfullyWithValidCredential" time="5.286" classname="com.orangehrm.testsuite.LoginPageTest"/>
  <system-out>
    <![CDATA[Enter Username[[ChromeDriver: chrome on WINDOWS (c1e71a11f6a4071bee71797ae6816228)] -> name: username]
Enter Password[[ChromeDriver: chrome on WINDOWS (c1e71a11f6a4071bee71797ae6816228)] -> name: password]
Click On Login Button[[ChromeDriver: chrome on WINDOWS (c1e71a11f6a4071bee71797ae6816228)] -> xpath: //button[@type='submit']]
Get Display Text[[ChromeDriver: chrome on WINDOWS (c1e71a11f6a4071bee71797ae6816228)] -> xpath: //span[@class='oxd-topbar-header-breadcrumb']/h6]]]>
  </system-out>
</testsuite> <!-- com.orangehrm.testsuite.LoginPageTest -->
